<?xml version="1.0" encoding="UTF-8"?>
<testng-results ignored="0" total="1" passed="1" failed="0" skipped="0">
  <reporter-output>
  </reporter-output>
  <suite started-at="2023-12-01T10:46:40 IST" name="Default suite" finished-at="2023-12-01T10:46:48 IST" duration-ms="7404">
    <groups>
    </groups>
    <test started-at="2023-12-01T10:46:40 IST" name="Default test" finished-at="2023-12-01T10:46:48 IST" duration-ms="7404">
      <class name="TestExecutionVtigerApplication.UserAbleToLoginToTheVtigerApplication">
        <test-method signature="checkToTheUserIsAbleToLogInIntoTheVigerApplication()[pri:0, instance:TestExecutionVtigerApplication.UserAbleToLoginToTheVtigerApplication@5ab9e72c]" started-at="2023-12-01T10:46:40 IST" name="checkToTheUserIsAbleToLogInIntoTheVigerApplication" finished-at="2023-12-01T10:46:48 IST" duration-ms="7329" status="PASS">
          <reporter-output>
          </reporter-output>
        </test-method> <!-- checkToTheUserIsAbleToLogInIntoTheVigerApplication -->
      </class> <!-- TestExecutionVtigerApplication.UserAbleToLoginToTheVtigerApplication -->
    </test> <!-- Default test -->
  </suite> <!-- Default suite -->
</testng-results>
