<?xml version="1.0" encoding="UTF-8"?>
<testng-results ignored="0" total="1" passed="1" failed="0" skipped="0">
  <reporter-output>
  </reporter-output>
  <suite started-at="2023-11-02T15:13:31 IST" name="Default suite" finished-at="2023-11-02T15:13:31 IST" duration-ms="106">
    <groups>
    </groups>
    <test started-at="2023-11-02T15:13:31 IST" name="Default test" finished-at="2023-11-02T15:13:31 IST" duration-ms="106">
      <class name="UtilityFileVtigerApplication.BaseClass">
        <test-method signature="bcConfig()[pri:0, instance:UtilityFileVtigerApplication.BaseClass@69fb6037]" started-at="2023-11-02T15:13:31 IST" name="bcConfig" finished-at="2023-11-02T15:13:31 IST" duration-ms="20" status="PASS">
          <reporter-output>
          </reporter-output>
        </test-method> <!-- bcConfig -->
      </class> <!-- UtilityFileVtigerApplication.BaseClass -->
    </test> <!-- Default test -->
  </suite> <!-- Default suite -->
</testng-results>
